  wood.cpp
  ui.cpp
  Tree.cpp
  title_logo.cpp
  tile.cpp
  stan_effect.cpp
  sound.cpp
  score.cpp
c:\users\gsp025\desktop\new3dactionteamgame\team3dactiongame\team3dactiongame\score.cpp(128): warning C4244: '引数': 'int' から 'float' への変換です。データが失われる可能性があります。
c:\users\gsp025\desktop\new3dactionteamgame\team3dactiongame\team3dactiongame\score.cpp(128): warning C4244: '引数': 'float' から 'int' への変換です。データが失われる可能性があります。
  scene3d.cpp
  scene2d.cpp
  scene.cpp
  renderer.cpp
  polygon3d.cpp
  player.cpp
  particle.cpp
  number.cpp
  mode_tutorial.cpp
  mode_title.cpp
  mode_result.cpp
  mode_game.cpp
  コードを生成中...
  コンパイル中...
  model_himiya.cpp
c:\users\gsp025\desktop\new3dactionteamgame\team3dactiongame\team3dactiongame\model_himiya.cpp(99): warning C4018: '<': signed と unsigned の数値を比較しようとしました。
  model.cpp
c:\users\gsp025\desktop\new3dactionteamgame\team3dactiongame\team3dactiongame\model.cpp(103): warning C4018: '<': signed と unsigned の数値を比較しようとしました。
c:\users\gsp025\desktop\new3dactionteamgame\team3dactiongame\team3dactiongame\model.cpp(158): warning C4018: '<': signed と unsigned の数値を比較しようとしました。
  meat.cpp
c:\users\gsp025\desktop\new3dactionteamgame\team3dactiongame\team3dactiongame\meat.cpp(108): warning C4244: '引数': 'int' から 'float' への変換です。データが失われる可能性があります。
c:\users\gsp025\desktop\new3dactionteamgame\team3dactiongame\team3dactiongame\meat.cpp(108): warning C4244: '引数': 'float' から 'int' への変換です。データが失われる可能性があります。
  manager.cpp
  main.cpp
  light.cpp
  keyboard.cpp
  joystick.cpp
  item_meat.cpp
  item_diamond.cpp
  item.cpp
  input.cpp
  field.cpp
  fade.cpp
  enemy.cpp
  effect.cpp
  dust_particle.cpp
  dia_particle.cpp
  dia.cpp
  daiya.cpp
c:\users\gsp025\desktop\new3dactionteamgame\team3dactiongame\team3dactiongame\daiya.cpp(111): warning C4244: '引数': 'int' から 'float' への変換です。データが失われる可能性があります。
c:\users\gsp025\desktop\new3dactionteamgame\team3dactiongame\team3dactiongame\daiya.cpp(111): warning C4244: '引数': 'float' から 'int' への変換です。データが失われる可能性があります。
  コードを生成中...
  コンパイル中...
  continue_logo.cpp
  continue_button_manager.cpp
  continue.cpp
  circle_particle.cpp
  character.cpp
  camera.cpp
  byte_effect.cpp
  button_not_continue.cpp
  button_continue.cpp
  button.cpp
  billboard.cpp
  bg_tutorial.cpp
  bg_title.cpp
  bg_result.cpp
  bg_continue.cpp
  ainimation.cpp
  コードを生成中...
  Team3DActionGame.vcxproj -> C:\Users\gsp025\Desktop\new3DActionTeamGame\Team3DActionGame\Debug\Team3DActionGame.exe
  Team3DActionGame.vcxproj -> C:\Users\gsp025\Desktop\new3DActionTeamGame\Team3DActionGame\Debug\Team3DActionGame.pdb (Full PDB)
